Traceback (most recent call last):
  File "d:\Python\BTC_AI_PROJECT\.venv\Lib\site-packages\urllib3\connection.py", line 204, in _new_conn
    sock = connection.create_connection(
        (self._dns_host, self.port),
    ...<2 lines>...
        socket_options=self.socket_options,
    )
  File "d:\Python\BTC_AI_PROJECT\.venv\Lib\site-packages\urllib3\util\connection.py", line 85, in create_connection
    raise err
  File "d:\Python\BTC_AI_PROJECT\.venv\Lib\site-packages\urllib3\util\connection.py", line 73, in create_connection
    sock.connect(sa)
    ~~~~~~~~~~~~^^^^
TimeoutError: [WinError 10060] A connection attempt failed because the connected party did not properly respond after a period of time, or established connection failed because connected host has failed to respond

The above exception was the direct cause of the following exception:

Traceback (most recent call last):
  File "d:\Python\BTC_AI_PROJECT\.venv\Lib\site-packages\urllib3\connectionpool.py", line 788, in urlopen
    response = self._make_request(
        conn,
    ...<10 lines>...
        **response_kw,
    )
  File "d:\Python\BTC_AI_PROJECT\.venv\Lib\site-packages\urllib3\connectionpool.py", line 488, in _make_request
    raise new_e
  File "d:\Python\BTC_AI_PROJECT\.venv\Lib\site-packages\urllib3\connectionpool.py", line 464, in _make_request
    self._validate_conn(conn)
    ~~~~~~~~~~~~~~~~~~~^^^^^^
  File "d:\Python\BTC_AI_PROJECT\.venv\Lib\site-packages\urllib3\connectionpool.py", line 1106, in _validate_conn
    conn.connect()
    ~~~~~~~~~~~~^^
  File "d:\Python\BTC_AI_PROJECT\.venv\Lib\site-packages\urllib3\connection.py", line 759, in connect
    self.sock = sock = self._new_conn()
                       ~~~~~~~~~~~~~~^^
  File "d:\Python\BTC_AI_PROJECT\.venv\Lib\site-packages\urllib3\connection.py", line 213, in _new_conn
    raise ConnectTimeoutError(
    ...<2 lines>...
    ) from e
urllib3.exceptions.ConnectTimeoutError: (<HTTPSConnection(host='fapi.binance.com', port=443) at 0x2759f3f5d30>, 'Connection to fapi.binance.com timed out. (connect timeout=None)')

The above exception was the direct cause of the following exception:

Traceback (most recent call last):
  File "d:\Python\BTC_AI_PROJECT\.venv\Lib\site-packages\requests\adapters.py", line 696, in send
    resp = conn.urlopen(
        method=request.method,
    ...<9 lines>...
        chunked=chunked,
    )
  File "d:\Python\BTC_AI_PROJECT\.venv\Lib\site-packages\urllib3\connectionpool.py", line 842, in urlopen
    retries = retries.increment(
        method, url, error=new_e, _pool=self, _stacktrace=sys.exc_info()[2]
    )
  File "d:\Python\BTC_AI_PROJECT\.venv\Lib\site-packages\urllib3\util\retry.py", line 543, in increment
    raise MaxRetryError(_pool, url, reason) from reason  # type: ignore[arg-type]
    ^^^^^^^^^^^^^^^^^^^^^^^^^^^^^^^^^^^^^^^^^^^^^^^^^^^
urllib3.exceptions.MaxRetryError: HTTPSConnectionPool(host='fapi.binance.com', port=443): Max retries exceeded with url: /fapi/v1/klines?symbol=BTCUSDT&interval=15m&limit=200 (Caused by ConnectTimeoutError(<HTTPSConnection(host='fapi.binance.com', port=443) at 0x2759f3f5d30>, 'Connection to fapi.binance.com timed out. (connect timeout=None)'))

During handling of the above exception, another exception occurred:

Traceback (most recent call last):
  File "d:\Python\BTC_AI_PROJECT\main.py", line 9, in <module>
    df = get_kline(symbol)
  File "d:\Python\BTC_AI_PROJECT\collector\price.py", line 14, in get_kline
    data = requests.get(url, params=params).json()
           ~~~~~~~~~~~~^^^^^^^^^^^^^^^^^^^^
  File "d:\Python\BTC_AI_PROJECT\.venv\Lib\site-packages\requests\api.py", line 87, in get
    return request("get", url, params=params, **kwargs)
  File "d:\Python\BTC_AI_PROJECT\.venv\Lib\site-packages\requests\api.py", line 71, in request
    return session.request(method=method, url=url, **kwargs)
           ~~~~~~~~~~~~~~~^^^^^^^^^^^^^^^^^^^^^^^^^^^^^^^^^^
  File "d:\Python\BTC_AI_PROJECT\.venv\Lib\site-packages\requests\sessions.py", line 651, in request
    resp = self.send(prep, **send_kwargs)
  File "d:\Python\BTC_AI_PROJECT\.venv\Lib\site-packages\requests\sessions.py", line 784, in send
    r = adapter.send(request, **kwargs)
  File "d:\Python\BTC_AI_PROJECT\.venv\Lib\site-packages\requests\adapters.py", line 717, in send
    raise ConnectTimeout(e, request=request)
requests.exceptions.ConnectTimeout: HTTPSConnectionPool(host='fapi.binance.com', port=443): Max retries exceeded with url: /fapi/v1/klines?symbol=BTCUSDT&interval=15m&limit=200 (Caused by ConnectTimeoutError(<HTTPSConnection(host='fapi.binance.com', port=443) at 0x2759f3f5d30>, 'Connection to fapi.binance.com timed out. (connect timeout=None)'))
